PowerPlay Early Power Estimator File Generator report for FPGA_MAIN_MODULE
Sun Aug 20 23:07:52 2017
Quartus II 64-Bit Version 13.0.1 Build 232 06/12/2013 Service Pack 1 SJ Web Edition


---------------------
; Table of Contents ;
---------------------
  1. Legal Notice
  2. PowerPlay Early Power Estimator File Generator Summary
  3. PowerPlay Early Power Estimator File Generator Settings
  4. Indeterminate Toggle Rates
  5. PowerPlay Early Power Estimator File Generator Generated Files
  6. Confidence Metric Details
  7. Signal Activities
  8. PowerPlay Early Power Estimator File Generator Messages



----------------
; Legal Notice ;
----------------
Copyright (C) 1991-2013 Altera Corporation
Your use of Altera Corporation's design tools, logic functions 
and other software and tools, and its AMPP partner logic 
functions, and any output files from any of the foregoing 
(including device programming or simulation files), and any 
associated documentation or information are expressly subject 
to the terms and conditions of the Altera Program License 
Subscription Agreement, Altera MegaCore Function License 
Agreement, or other applicable license agreement, including, 
without limitation, that your use is for the sole purpose of 
programming logic devices manufactured by Altera and sold by 
Altera or its authorized distributors.  Please refer to the 
applicable agreement for further details.



+----------------------------------------------------------------------------------------------------------+
; PowerPlay Early Power Estimator File Generator Summary                                                   ;
+-------------------------------------------------------+--------------------------------------------------+
; PowerPlay Early Power Estimator File Generator Status ; Successful - Sun Aug 20 23:07:52 2017            ;
; Quartus II 64-Bit Version                             ; 13.0.1 Build 232 06/12/2013 SP 1 SJ Web Edition  ;
; Revision Name                                         ; FPGA_MAIN_MODULE                                 ;
; Top-level Entity Name                                 ; FPGA_MAIN_MODULE                                 ;
; Family                                                ; Cyclone II                                       ;
; Device                                                ; EP2C5T144C8                                      ;
; Power Estimation Confidence                           ; Low: user provided insufficient toggle rate data ;
+-------------------------------------------------------+--------------------------------------------------+


+------------------------------------------------------------------------------------------------------------------------------------+
; PowerPlay Early Power Estimator File Generator Settings                                                                            ;
+----------------------------------------------------------------------------+---------------------------------------+---------------+
; Option                                                                     ; Setting                               ; Default Value ;
+----------------------------------------------------------------------------+---------------------------------------+---------------+
; Use smart compilation                                                      ; Off                                   ; Off           ;
; Enable parallel Assembler and TimeQuest Timing Analyzer during compilation ; On                                    ; On            ;
; Enable compact report table                                                ; Off                                   ; Off           ;
; Preset Cooling Solution                                                    ; 23 MM HEAT SINK WITH 200 LFPM AIRFLOW ;               ;
; Board thermal model                                                        ; None (CONSERVATIVE)                   ;               ;
; Default Power Toggle Rate                                                  ; 12.5%                                 ; 12.5%         ;
; Default Power Input I/O Toggle Rate                                        ; 12.5%                                 ; 12.5%         ;
; Use vectorless estimation                                                  ; On                                    ; On            ;
; Use Input Files                                                            ; Off                                   ; Off           ;
; Filter Glitches in VCD File Reader                                         ; On                                    ; On            ;
; Power Analyzer Report Signal Activity                                      ; Off                                   ; Off           ;
; Power Analyzer Report Power Dissipation                                    ; Off                                   ; Off           ;
; Device Power Characteristics                                               ; TYPICAL                               ; TYPICAL       ;
; Automatically Compute Junction Temperature                                 ; On                                    ; On            ;
; Specified Junction Temperature                                             ; 25                                    ; 25            ;
; Ambient Temperature                                                        ; 25                                    ; 25            ;
; Use Custom Cooling Solution                                                ; Off                                   ; Off           ;
; Board Temperature                                                          ; 25                                    ; 25            ;
; Enable HPS                                                                 ; Off                                   ; Off           ;
; Processor Frequency                                                        ; 0.0                                   ; 0.0           ;
+----------------------------------------------------------------------------+---------------------------------------+---------------+


+-------------------------------------------+
; Indeterminate Toggle Rates                ;
+-------------+-----------------------------+
; Node        ; Reason                      ;
+-------------+-----------------------------+
; USER_IO_31  ; No valid clock domain found ;
; USER_IO_40  ; No valid clock domain found ;
; USER_IO_88  ; No valid clock domain found ;
; USER_IO_94  ; No valid clock domain found ;
; USER_IO_112 ; No valid clock domain found ;
; USER_IO_135 ; No valid clock domain found ;
; USER_IO_137 ; No valid clock domain found ;
; USER_IO_139 ; No valid clock domain found ;
; USER_IO_141 ; No valid clock domain found ;
+-------------+-----------------------------+


+-------------------------------------------------------------------------------------------------+
; PowerPlay Early Power Estimator File Generator Generated Files                                  ;
+----------------------------------------------------------------+--------------------------------+
; Description                                                    ; Filename                       ;
+----------------------------------------------------------------+--------------------------------+
; Design summary for PowerPlay Early Power Estimator spreadsheet ; FPGA_MAIN_MODULE_early_pwr.csv ;
+----------------------------------------------------------------+--------------------------------+


+----------------------------------------------------------------------------------------------------------------------------------------------------+
; Confidence Metric Details                                                                                                                          ;
+----------------------------------------------------------------------------------------+--------------+------------+---------------+---------------+
; Data Source                                                                            ; Total        ; Pin        ; Registered    ; Combinational ;
+----------------------------------------------------------------------------------------+--------------+------------+---------------+---------------+
; Simulation (from file)                                                                 ;              ;            ;               ;               ;
;     -- Number of signals with Toggle Rate from Simulation                              ; 0 (0.0%)     ; 0 (0.0%)   ; 0 (0.0%)      ; 0 (0.0%)      ;
;     -- Number of signals with Static Probability from Simulation                       ; 0 (0.0%)     ; 0 (0.0%)   ; 0 (0.0%)      ; 0 (0.0%)      ;
;                                                                                        ;              ;            ;               ;               ;
; Node, entity or clock assignment                                                       ;              ;            ;               ;               ;
;     -- Number of signals with Toggle Rate from Node, entity or clock assignment        ; 1 (0.0%)     ; 1 (1.1%)   ; 0 (0.0%)      ; 0 (0.0%)      ;
;     -- Number of signals with Static Probability from Node, entity or clock assignment ; 1 (0.0%)     ; 1 (1.1%)   ; 0 (0.0%)      ; 0 (0.0%)      ;
;                                                                                        ;              ;            ;               ;               ;
; Vectorless estimation                                                                  ;              ;            ;               ;               ;
;     -- Number of signals with Toggle Rate from Vectorless estimation                   ; 5374 (98.9%) ; 31 (34.8%) ; 2026 (100.0%) ; 3317 (100.0%) ;
;     -- Number of signals with Zero toggle rate, from Vectorless estimation             ; 2 (0.0%)     ; 1 (1.1%)   ; 0 (0.0%)      ; 1 (0.0%)      ;
;     -- Number of signals with Static Probability from Vectorless estimation            ; 5374 (98.9%) ; 31 (34.8%) ; 2026 (100.0%) ; 3317 (100.0%) ;
;                                                                                        ;              ;            ;               ;               ;
; Default assignment                                                                     ;              ;            ;               ;               ;
;     -- Number of signals with Toggle Rate from Default assignment                      ; 46 (0.8%)    ; 46 (51.7%) ; 0 (0.0%)      ; 0 (0.0%)      ;
;     -- Number of signals with Static Probability from Default assignment               ; 57 (1.0%)    ; 57 (64.0%) ; 0 (0.0%)      ; 0 (0.0%)      ;
;                                                                                        ;              ;            ;               ;               ;
; Assumed 0                                                                              ;              ;            ;               ;               ;
;     -- Number of signals with Toggle Rate assumed 0                                    ; 11 (0.2%)    ; 11 (12.4%) ; 0 (0.0%)      ; 0 (0.0%)      ;
+----------------------------------------------------------------------------------------+--------------+------------+---------------+---------------+


+---------------------------------------------------------------------------------------------------------------------------------------------+
; Signal Activities                                                                                                                           ;
+--------+------+---------------------------------------------+-------------------------+--------------------+--------------------------------+
; Signal ; Type ; Toggle Rate (millions of transitions / sec) ; Toggle Rate Data Source ; Static Probability ; Static Probability Data Source ;
+--------+------+---------------------------------------------+-------------------------+--------------------+--------------------------------+
(1) The "Signal Activity" Table has been hidden. To show this table, please select the "Write signal activities to report file" option under "PowerPlay Power Analyzer Settings".


+---------------------------------------------------------+
; PowerPlay Early Power Estimator File Generator Messages ;
+---------------------------------------------------------+
Info: *******************************************************************
Info: Running Quartus II 64-Bit PowerPlay Early Power Estimator File Generator
    Info: Version 13.0.1 Build 232 06/12/2013 Service Pack 1 SJ Web Edition
    Info: Processing started: Sun Aug 20 23:07:49 2017
Info: Command: quartus_pow --read_settings_files=on --write_settings_files=off FPGA_MAIN_MODULE -c FPGA_MAIN_MODULE --estimate_power=off --output_epe=FPGA_MAIN_MODULE_early_pwr.csv
Info (21077): Low junction temperature is 0 degrees C
Info (21077): High junction temperature is 85 degrees C
Info (332104): Reading SDC File: 'FPGA_MAIN_MODULE.sdc'
Info (223000): Starting Vectorless Power Activity Estimation
Warning (222013): Relative toggle rates could not be calculated because no clock domain could be identified for some nodes
Info (223001): Completed Vectorless Power Activity Estimation
Info (214002): Created PowerPlay Early Power Estimation file "FPGA_MAIN_MODULE_early_pwr.csv"
Info (215029): No power estimate will be produced.
Info (215049): Average toggle rate for this design is 5.034 millions of transitions / sec
Info: Quartus II 64-Bit PowerPlay Early Power Estimator File Generator was successful. 0 errors, 1 warning
    Info: Peak virtual memory: 461 megabytes
    Info: Processing ended: Sun Aug 20 23:07:52 2017
    Info: Elapsed time: 00:00:03
    Info: Total CPU time (on all processors): 00:00:02


