Flow report for FPGA_MAIN_MODULE
Mon Jul 30 23:40:47 2018
Quartus II 64-Bit Version 13.0.1 Build 232 06/12/2013 Service Pack 1 SJ Web Edition


---------------------
; Table of Contents ;
---------------------
  1. Legal Notice
  2. Flow Summary
  3. Flow Settings
  4. Flow Non-Default Global Settings
  5. Flow Elapsed Time
  6. Flow OS Summary
  7. Flow Log
  8. Flow Messages
  9. Flow Suppressed Messages



----------------
; Legal Notice ;
----------------
Copyright (C) 1991-2013 Altera Corporation
Your use of Altera Corporation's design tools, logic functions 
and other software and tools, and its AMPP partner logic 
functions, and any output files from any of the foregoing 
(including device programming or simulation files), and any 
associated documentation or information are expressly subject 
to the terms and conditions of the Altera Program License 
Subscription Agreement, Altera MegaCore Function License 
Agreement, or other applicable license agreement, including, 
without limitation, that your use is for the sole purpose of 
programming logic devices manufactured by Altera and sold by 
Altera or its authorized distributors.  Please refer to the 
applicable agreement for further details.



+--------------------------------------------------------------------------------------+
; Flow Summary                                                                         ;
+------------------------------------+-------------------------------------------------+
; Flow Status                        ; Successful - Mon Jul 30 23:40:47 2018           ;
; Quartus II 64-Bit Version          ; 13.0.1 Build 232 06/12/2013 SP 1 SJ Web Edition ;
; Revision Name                      ; FPGA_MAIN_MODULE                                ;
; Top-level Entity Name              ; FPGA_MAIN_MODULE                                ;
; Family                             ; Cyclone II                                      ;
; Device                             ; EP2C5T144C8                                     ;
; Timing Models                      ; Final                                           ;
; Total logic elements               ; 972 / 4,608 ( 21 % )                            ;
;     Total combinational functions  ; 948 / 4,608 ( 21 % )                            ;
;     Dedicated logic registers      ; 473 / 4,608 ( 10 % )                            ;
; Total registers                    ; 473                                             ;
; Total pins                         ; 86 / 89 ( 97 % )                                ;
; Total virtual pins                 ; 0                                               ;
; Total memory bits                  ; 0 / 119,808 ( 0 % )                             ;
; Embedded Multiplier 9-bit elements ; 0 / 26 ( 0 % )                                  ;
; Total PLLs                         ; 0 / 2 ( 0 % )                                   ;
+------------------------------------+-------------------------------------------------+


+-----------------------------------------+
; Flow Settings                           ;
+-------------------+---------------------+
; Option            ; Setting             ;
+-------------------+---------------------+
; Start date & time ; 07/30/2018 23:40:13 ;
; Main task         ; Compilation         ;
; Revision Name     ; FPGA_MAIN_MODULE    ;
+-------------------+---------------------+


+-----------------------------------------------------------------------------------------------------------------------------------------------+
; Flow Non-Default Global Settings                                                                                                              ;
+-------------------------------------+---------------------------------------+---------------+-------------+-----------------------------------+
; Assignment Name                     ; Value                                 ; Default Value ; Entity Name ; Section Id                        ;
+-------------------------------------+---------------------------------------+---------------+-------------+-----------------------------------+
; COMPILER_SIGNATURE_ID               ; 61986967728919.153298681204908        ; --            ; --          ; --                                ;
; EDA_INPUT_DATA_FORMAT               ; Edif                                  ; --            ; --          ; eda_design_synthesis              ;
; EDA_INPUT_VCC_NAME                  ; Vcc                                   ; --            ; --          ; eda_design_synthesis              ;
; EDA_OUTPUT_DATA_FORMAT              ; None                                  ; --            ; --          ; eda_simulation                    ;
; EDA_OUTPUT_DATA_FORMAT              ; None                                  ; --            ; --          ; eda_board_design_timing           ;
; EDA_OUTPUT_DATA_FORMAT              ; None                                  ; --            ; --          ; eda_board_design_symbol           ;
; EDA_OUTPUT_DATA_FORMAT              ; None                                  ; --            ; --          ; eda_board_design_signal_integrity ;
; EDA_OUTPUT_DATA_FORMAT              ; None                                  ; --            ; --          ; eda_board_design_boundary_scan    ;
; EDA_RUN_TOOL_AUTOMATICALLY          ; Off                                   ; --            ; --          ; eda_simulation                    ;
; FIT_ATTEMPTS_TO_SKIP                ; 0                                     ; 0.0           ; --          ; --                                ;
; MAX_CORE_JUNCTION_TEMP              ; 85                                    ; --            ; --          ; --                                ;
; MIN_CORE_JUNCTION_TEMP              ; 0                                     ; --            ; --          ; --                                ;
; PARTITION_COLOR                     ; 16764057                              ; --            ; --          ; Top                               ;
; PARTITION_FITTER_PRESERVATION_LEVEL ; PLACEMENT_AND_ROUTING                 ; --            ; --          ; Top                               ;
; PARTITION_NETLIST_TYPE              ; SOURCE                                ; --            ; --          ; Top                               ;
; POWER_BOARD_THERMAL_MODEL           ; None (CONSERVATIVE)                   ; --            ; --          ; --                                ;
; POWER_PRESET_COOLING_SOLUTION       ; 23 MM HEAT SINK WITH 200 LFPM AIRFLOW ; --            ; --          ; --                                ;
; PROJECT_OUTPUT_DIRECTORY            ; output_files                          ; --            ; --          ; --                                ;
+-------------------------------------+---------------------------------------+---------------+-------------+-----------------------------------+


+-------------------------------------------------------------------------------------------------------------------------------+
; Flow Elapsed Time                                                                                                             ;
+---------------------------+--------------+-------------------------+---------------------+------------------------------------+
; Module Name               ; Elapsed Time ; Average Processors Used ; Peak Virtual Memory ; Total CPU Time (on all processors) ;
+---------------------------+--------------+-------------------------+---------------------+------------------------------------+
; Analysis & Synthesis      ; 00:00:06     ; 1.0                     ; 4639 MB             ; 00:00:05                           ;
; Fitter                    ; 00:00:04     ; 1.0                     ; 4769 MB             ; 00:00:05                           ;
; Assembler                 ; 00:00:01     ; 1.0                     ; 4561 MB             ; 00:00:01                           ;
; TimeQuest Timing Analyzer ; 00:00:02     ; 1.0                     ; 4551 MB             ; 00:00:01                           ;
; Total                     ; 00:00:13     ; --                      ; --                  ; 00:00:12                           ;
+---------------------------+--------------+-------------------------+---------------------+------------------------------------+


+----------------------------------------------------------------------------------------+
; Flow OS Summary                                                                        ;
+---------------------------+------------------+-----------+------------+----------------+
; Module Name               ; Machine Hostname ; OS Name   ; OS Version ; Processor type ;
+---------------------------+------------------+-----------+------------+----------------+
; Analysis & Synthesis      ; pedro-HP         ; Windows 7 ; 6.2        ; x86_64         ;
; Fitter                    ; pedro-HP         ; Windows 7 ; 6.2        ; x86_64         ;
; Assembler                 ; pedro-HP         ; Windows 7 ; 6.2        ; x86_64         ;
; TimeQuest Timing Analyzer ; pedro-HP         ; Windows 7 ; 6.2        ; x86_64         ;
+---------------------------+------------------+-----------+------------+----------------+


------------
; Flow Log ;
------------
quartus_map --read_settings_files=on --write_settings_files=off FPGA_MAIN_MODULE -c FPGA_MAIN_MODULE
quartus_fit --read_settings_files=off --write_settings_files=off FPGA_MAIN_MODULE -c FPGA_MAIN_MODULE
quartus_asm --read_settings_files=off --write_settings_files=off FPGA_MAIN_MODULE -c FPGA_MAIN_MODULE
quartus_sta FPGA_MAIN_MODULE -c FPGA_MAIN_MODULE
quartus_eda --read_settings_files=on --write_settings_files=off FPGA_MAIN_MODULE -c FPGA_MAIN_MODULE



